GROUP,PACKAGE,CLASS,INSTRUCTION_MISSED,INSTRUCTION_COVERED,BRANCH_MISSED,BRANCH_COVERED,LINE_MISSED,LINE_COVERED,COMPLEXITY_MISSED,COMPLEXITY_COVERED,METHOD_MISSED,METHOD_COVERED
Anagrammer,com.github.timp.anagram,Dictionary,0,290,1,27,0,58,1,23,0,10
Anagrammer,com.github.timp.anagram,LetterBag,0,292,2,24,0,56,2,28,0,17
Anagrammer,com.github.timp.anagram,Query,0,162,0,18,0,40,0,12,0,3
Anagrammer,com.github.timp.anagram,AnagramKeyTree,0,4,0,0,0,2,0,1,0,1
Anagrammer,com.github.timp.anagram,Tree,0,141,0,8,0,26,0,12,0,8
Anagrammer,com.github.timp.anagram,Anagrammer,0,133,0,10,0,27,0,9,0,4
Anagrammer,com.github.timp.anagram,ComparableSearchRepresentation,0,61,0,4,0,19,0,6,0,4
Anagrammer,com.github.timp.anagram,Anagram,0,77,3,7,0,17,3,7,0,5
